<?xml version="1.0" encoding="UTF-8"?>
<testsuite xmlns:xsi="http://www.w3.org/2001/XMLSchema-instance" xsi:noNamespaceSchemaLocation="https://maven.apache.org/surefire/maven-surefire-plugin/xsd/surefire-test-report.xsd" version="3.0.2" name="com.velocityorm.test.VelocityORMIntegrationTest" time="9.093" tests="4" errors="0" skipped="0" failures="0">
  <properties>
[...]
</properties>
  <testcase name="testQueryBuilder" classname="com.velocityorm.test.VelocityORMIntegrationTest" time="0.028">
    <system-err><![CDATA[[main] INFO org.testcontainers.images.PullPolicy - Image pull policy will be performed by: DefaultPullPolicy()
[main] INFO org.testcontainers.utility.ImageNameSubstitutor - Image name substitution will be performed by: DefaultImageNameSubstitutor (composite of 'ConfigurationFileImageNameSubstitutor' and 'PrefixingImageNameSubstitutor')
[main] INFO org.testcontainers.DockerClientFactory - Testcontainers version: 1.21.3
[main] INFO org.testcontainers.dockerclient.DockerClientProviderStrategy - Loaded org.testcontainers.dockerclient.UnixSocketClientProviderStrategy from ~/.testcontainers.properties, will try it first
[main] INFO org.testcontainers.dockerclient.DockerClientProviderStrategy - Found Docker environment with local Unix socket (unix:///var/run/docker.sock)
[main] INFO org.testcontainers.DockerClientFactory - Docker host IP address is localhost
[main] INFO org.testcontainers.DockerClientFactory - Connected to docker: 
  Server Version: 29.5.3
  API Version: 1.54
  Operating System: Ubuntu 26.04 LTS
  Total Memory: 39000 MB
[main] INFO tc.testcontainers/ryuk:0.12.0 - Creating container for image: testcontainers/ryuk:0.12.0
[main] INFO org.testcontainers.utility.RegistryAuthLocator - Failure when attempting to lookup auth config. Please ignore if you don't have images in an authenticated registry. Details: (dockerImageName: testcontainers/ryuk:0.12.0, configFile: /home/sandeep/.docker/config.json, configEnv: DOCKER_AUTH_CONFIG). Falling back to docker-java default behaviour. Exception message: Status 404: No config supplied. Checked in order: /home/sandeep/.docker/config.json (file not found), DOCKER_AUTH_CONFIG (not set)
[main] INFO tc.testcontainers/ryuk:0.12.0 - Container testcontainers/ryuk:0.12.0 is starting: ddcb8cfd4a8478dba6728b2e9d01370b46371c3cf4f8211a6746131d1b274515
[main] INFO tc.testcontainers/ryuk:0.12.0 - Container testcontainers/ryuk:0.12.0 started in PT1.980213742S
[main] INFO org.testcontainers.utility.RyukResourceReaper - Ryuk started - will monitor and terminate Testcontainers containers on JVM exit
[main] INFO org.testcontainers.DockerClientFactory - Checking the system...
[main] INFO org.testcontainers.DockerClientFactory - ✔︎ Docker server version should be at least 1.6.0
[main] INFO tc.postgres:15-alpine - Creating container for image: postgres:15-alpine
[main] INFO tc.postgres:15-alpine - Container postgres:15-alpine is starting: c4bc5e18498e110458738a3718d81a35389b7770509ca9a9e30372ab6df78a99
[main] INFO tc.postgres:15-alpine - Container postgres:15-alpine started in PT4.310318811S
[main] INFO tc.postgres:15-alpine - Container is started (JDBC URL: jdbc:postgresql://localhost:32777/testdb?loggerLevel=OFF)
[main] INFO com.zaxxer.hikari.HikariDataSource - HikariPool-1 - Starting...
[main] INFO com.zaxxer.hikari.pool.HikariPool - HikariPool-1 - Added connection org.postgresql.jdbc.PgConnection@5560bcdf
[main] INFO com.zaxxer.hikari.HikariDataSource - HikariPool-1 - Start completed.
[main] INFO com.velocityorm.core.migration.MigrationManager - Running database migrations from location: db/migration
[main] INFO com.velocityorm.core.migration.MigrationManager - Found 0 migration files
[main] INFO com.velocityorm.core.migration.SchemaGenerator - Starting schema generation for dialect: PostgreSQL
[main] INFO com.velocityorm.core.migration.SchemaGenerator - Table 'users' does not exist. Generating schema...
[main] INFO com.velocityorm.core.migration.ProcedureGenerator - Starting stored procedure generation for dialect: PostgreSQL
[main] INFO com.velocityorm.core.migration.ProcedureGenerator - Procedure 'sp_users_insert' does not exist. Creating...
[main] INFO com.velocityorm.core.migration.ProcedureGenerator - Procedure 'sp_users_update' does not exist. Creating...
[main] INFO com.velocityorm.core.migration.ProcedureGenerator - Procedure 'sp_users_delete' does not exist. Creating...
[main] INFO com.velocityorm.core.migration.ProcedureGenerator - Procedure 'sp_users_get' does not exist. Creating...
[main] INFO com.velocityorm.core.migration.ProcedureGenerator - Procedure 'sp_users_batch_insert' does not exist. Creating...
]]></system-err>
  </testcase>
  <testcase name="testBatchInsert" classname="com.velocityorm.test.VelocityORMIntegrationTest" time="0.018"/>
  <testcase name="testCrudAndCaching" classname="com.velocityorm.test.VelocityORMIntegrationTest" time="0.015"/>
  <testcase name="testTransactionalRollback" classname="com.velocityorm.test.VelocityORMIntegrationTest" time="0.01"/>
</testsuite>