<?xml version="1.0" encoding="UTF-8"?>
<testsuite xmlns:xsi="http://www.w3.org/2001/XMLSchema-instance" xsi:noNamespaceSchemaLocation="https://maven.apache.org/surefire/maven-surefire-plugin/xsd/surefire-test-report.xsd" version="3.0.2" name="com.velocityorm.test.VelocityORMUnitTest" time="0.177" tests="4" errors="0" skipped="0" failures="0">
  <properties>
[...]
</properties>
  <testcase name="testL1Cache" classname="com.velocityorm.test.VelocityORMUnitTest" time="0.031"/>
  <testcase name="testLambdaExpressionParser" classname="com.velocityorm.test.VelocityORMUnitTest" time="0.004"/>
  <testcase name="testCaffeineL2Cache" classname="com.velocityorm.test.VelocityORMUnitTest" time="0.031"/>
  <testcase name="testEncryptionService" classname="com.velocityorm.test.VelocityORMUnitTest" time="0.079"/>
</testsuite>